<?xml version="1.0" encoding="UTF-8"?>
<!-- Generated by org.testng.reporters.JUnitReportReporter -->
<testsuite skipped="0" hostname="DESKTOP-FBD16EE" name="com.test.runner.RunnerTest" tests="1" failures="0" timestamp="2020-04-24T20:15:49 IST" time="1.187" errors="0">
  <testcase name="feature" time="1.187" classname="com.test.runner.RunnerTest"/>
  <system-out/>
</testsuite> <!-- com.test.runner.RunnerTest -->
