<?xml version="1.0" encoding="UTF-8"?>
<!-- Generated by org.testng.reporters.JUnitReportReporter -->
<testsuite skipped="0" hostname="DESKTOP-FBD16EE" name="com.test.runner.RunnerTest" tests="1" failures="0" timestamp="2020-04-13T11:38:33 IST" time="62.161" errors="0">
  <testcase name="feature" time="62.161" classname="com.test.runner.RunnerTest"/>
  <system-out/>
</testsuite> <!-- com.test.runner.RunnerTest -->
